<?xml version="1.0" encoding="UTF-8"?>
<!-- Generated by org.testng.reporters.JUnitReportReporter -->
<testsuite skipped="0" hostname="LAPTOP-GGQTNJJE" name="TestScripts.ExScriptFile" tests="7" failures="0" timestamp="2023-03-15T18:35:35 IST" time="22.062" errors="0">
  <testcase name="purchase" time="1.990" classname="TestScripts.ExScriptFile"/>
  <system-out/>
  <testcase name="additem" time="3.688" classname="TestScripts.ExScriptFile"/>
  <system-out/>
  <testcase name="additem" time="4.500" classname="TestScripts.ExScriptFile"/>
  <system-out/>
  <testcase name="additem" time="4.252" classname="TestScripts.ExScriptFile"/>
  <system-out/>
  <testcase name="additem" time="3.831" classname="TestScripts.ExScriptFile"/>
  <system-out/>
  <testcase name="delete" time="0.123" classname="TestScripts.ExScriptFile"/>
  <system-out/>
  <testcase name="placeorder" time="3.678" classname="TestScripts.ExScriptFile"/>
  <system-out/>
</testsuite> <!-- TestScripts.ExScriptFile -->
